<?xml version="1.0" encoding="UTF-8"?>
<coverage generated="1762675068937" clover="3.2.0">
  <project timestamp="1762675068937" name="All files">
    <metrics statements="151" coveredstatements="122" conditionals="87" coveredconditionals="59" methods="27" coveredmethods="20" elements="265" coveredelements="201" complexity="0" loc="151" ncloc="151" packages="3" files="4" classes="4"/>
    <package name="components.Booking">
      <metrics statements="127" coveredstatements="102" conditionals="84" coveredconditionals="57" methods="19" coveredmethods="16"/>
      <file name="BookingFlow.jsx" path="D:\G3_EV_BATTERY_SWAP_STATION_MANAGEMENT_FE\src\components\Booking\BookingFlow.jsx">
        <metrics statements="127" coveredstatements="102" conditionals="84" coveredconditionals="57" methods="19" coveredmethods="16"/>
        <line num="11" count="1" type="stmt"/>
        <line num="12" count="32" type="stmt"/>
        <line num="13" count="32" type="stmt"/>
        <line num="14" count="32" type="stmt"/>
        <line num="15" count="32" type="stmt"/>
        <line num="16" count="32" type="stmt"/>
        <line num="17" count="32" type="stmt"/>
        <line num="18" count="32" type="stmt"/>
        <line num="19" count="32" type="stmt"/>
        <line num="21" count="32" type="stmt"/>
        <line num="22" count="32" type="stmt"/>
        <line num="25" count="32" type="stmt"/>
        <line num="26" count="7" type="cond" truecount="3" falsecount="1"/>
        <line num="27" count="7" type="stmt"/>
        <line num="33" count="32" type="stmt"/>
        <line num="34" count="8" type="cond" truecount="2" falsecount="0"/>
        <line num="36" count="1" type="stmt"/>
        <line num="39" count="1" type="stmt"/>
        <line num="40" count="1" type="stmt"/>
        <line num="41" count="0" type="stmt"/>
        <line num="45" count="8" type="stmt"/>
        <line num="46" count="8" type="cond" truecount="1" falsecount="1"/>
        <line num="47" count="8" type="cond" truecount="2" falsecount="0"/>
        <line num="51" count="32" type="stmt"/>
        <line num="52" count="7" type="stmt"/>
        <line num="53" count="7" type="stmt"/>
        <line num="60" count="7" type="cond" truecount="3" falsecount="1"/>
        <line num="61" count="0" type="stmt"/>
        <line num="65" count="0" type="stmt"/>
        <line num="66" count="0" type="stmt"/>
        <line num="69" count="7" type="stmt"/>
        <line num="74" count="7" type="stmt"/>
        <line num="76" count="7" type="cond" truecount="2" falsecount="0"/>
        <line num="77" count="1" type="stmt"/>
        <line num="80" count="0" type="stmt"/>
        <line num="81" count="0" type="stmt"/>
        <line num="86" count="32" type="stmt"/>
        <line num="87" count="4" type="stmt"/>
        <line num="88" count="4" type="stmt"/>
        <line num="89" count="4" type="stmt"/>
        <line num="93" count="32" type="stmt"/>
        <line num="94" count="21" type="stmt"/>
        <line num="95" count="21" type="cond" truecount="5" falsecount="0"/>
        <line num="96" count="5" type="stmt"/>
        <line num="97" count="5" type="stmt"/>
        <line num="102" count="32" type="stmt"/>
        <line num="103" count="7" type="cond" truecount="1" falsecount="1"/>
        <line num="105" count="7" type="cond" truecount="2" falsecount="0"/>
        <line num="107" count="4" type="stmt"/>
        <line num="110" count="3" type="stmt"/>
        <line num="111" count="3" type="stmt"/>
        <line num="116" count="32" type="stmt"/>
        <line num="117" count="0" type="stmt"/>
        <line num="118" count="0" type="cond" truecount="0" falsecount="5"/>
        <line num="119" count="0" type="stmt"/>
        <line num="120" count="0" type="stmt"/>
        <line num="124" count="32" type="stmt"/>
        <line num="125" count="1" type="cond" truecount="1" falsecount="1"/>
        <line num="126" count="1" type="stmt"/>
        <line num="130" count="32" type="stmt"/>
        <line num="131" count="2" type="cond" truecount="3" falsecount="1"/>
        <line num="132" count="0" type="stmt"/>
        <line num="133" count="0" type="stmt"/>
        <line num="136" count="2" type="stmt"/>
        <line num="137" count="2" type="stmt"/>
        <line num="139" count="2" type="stmt"/>
        <line num="140" count="2" type="cond" truecount="1" falsecount="1"/>
        <line num="141" count="2" type="stmt"/>
        <line num="147" count="2" type="stmt"/>
        <line num="153" count="2" type="stmt"/>
        <line num="155" count="1" type="cond" truecount="3" falsecount="1"/>
        <line num="156" count="1" type="stmt"/>
        <line num="157" count="1" type="stmt"/>
        <line num="158" count="1" type="stmt"/>
        <line num="159" count="1" type="stmt"/>
        <line num="183" count="1" type="stmt"/>
        <line num="184" count="1" type="cond" truecount="1" falsecount="1"/>
        <line num="185" count="1" type="stmt"/>
        <line num="186" count="1" type="stmt"/>
        <line num="187" count="1" type="stmt"/>
        <line num="188" count="1" type="stmt"/>
        <line num="190" count="0" type="cond" truecount="0" falsecount="2"/>
        <line num="193" count="1" type="stmt"/>
        <line num="194" count="1" type="cond" truecount="1" falsecount="1"/>
        <line num="196" count="2" type="stmt"/>
        <line num="200" count="32" type="stmt"/>
        <line num="201" count="0" type="cond" truecount="0" falsecount="2"/>
        <line num="202" count="0" type="stmt"/>
        <line num="203" count="0" type="stmt"/>
        <line num="204" count="0" type="stmt"/>
        <line num="206" count="0" type="stmt"/>
        <line num="211" count="32" type="stmt"/>
        <line num="213" count="1" type="cond" truecount="1" falsecount="1"/>
        <line num="214" count="1" type="cond" truecount="1" falsecount="1"/>
        <line num="215" count="1" type="stmt"/>
        <line num="218" count="32" type="stmt"/>
        <line num="219" count="32" type="stmt"/>
        <line num="220" count="32" type="stmt"/>
        <line num="222" count="32" type="cond" truecount="2" falsecount="0"/>
        <line num="224" count="23" type="cond" truecount="3" falsecount="1"/>
        <line num="226" count="13" type="stmt"/>
        <line num="235" count="8" type="stmt"/>
        <line num="247" count="2" type="stmt"/>
        <line num="248" count="2" type="stmt"/>
        <line num="255" count="0" type="stmt"/>
        <line num="259" count="9" type="cond" truecount="1" falsecount="2"/>
        <line num="261" count="9" type="stmt"/>
        <line num="273" count="0" type="stmt"/>
        <line num="274" count="0" type="stmt"/>
        <line num="281" count="0" type="stmt"/>
        <line num="286" count="32" type="stmt"/>
        <line num="287" count="32" type="stmt"/>
        <line num="289" count="32" type="cond" truecount="2" falsecount="0"/>
        <line num="290" count="23" type="cond" truecount="3" falsecount="1"/>
        <line num="291" count="13" type="stmt"/>
        <line num="292" count="8" type="stmt"/>
        <line num="293" count="2" type="stmt"/>
        <line num="294" count="0" type="stmt"/>
        <line num="297" count="9" type="cond" truecount="1" falsecount="2"/>
        <line num="298" count="9" type="stmt"/>
        <line num="299" count="0" type="stmt"/>
        <line num="300" count="0" type="stmt"/>
        <line num="305" count="32" type="stmt"/>
        <line num="306" count="151" type="cond" truecount="2" falsecount="0"/>
        <line num="309" count="32" type="stmt"/>
        <line num="326" count="87" type="stmt"/>
        <line num="327" count="87" type="stmt"/>
      </file>
    </package>
    <package name="components.ui">
      <metrics statements="23" coveredstatements="19" conditionals="3" coveredconditionals="2" methods="7" coveredmethods="3"/>
      <file name="button.jsx" path="D:\G3_EV_BATTERY_SWAP_STATION_MANAGEMENT_FE\src\components\ui\button.jsx">
        <metrics statements="5" coveredstatements="5" conditionals="3" coveredconditionals="2" methods="1" coveredmethods="1"/>
        <line num="6" count="1" type="stmt"/>
        <line num="35" count="1" type="cond" truecount="1" falsecount="0"/>
        <line num="36" count="32" type="cond" truecount="1" falsecount="1"/>
        <line num="37" count="32" type="stmt"/>
        <line num="45" count="1" type="stmt"/>
      </file>
      <file name="card.jsx" path="D:\G3_EV_BATTERY_SWAP_STATION_MANAGEMENT_FE\src\components\ui\card.jsx">
        <metrics statements="18" coveredstatements="14" conditionals="0" coveredconditionals="0" methods="6" coveredmethods="2"/>
        <line num="4" count="1" type="stmt"/>
        <line num="5" count="32" type="stmt"/>
        <line num="14" count="1" type="stmt"/>
        <line num="16" count="1" type="stmt"/>
        <line num="17" count="0" type="stmt"/>
        <line num="23" count="1" type="stmt"/>
        <line num="25" count="1" type="stmt"/>
        <line num="26" count="0" type="stmt"/>
        <line num="35" count="1" type="stmt"/>
        <line num="37" count="1" type="stmt"/>
        <line num="38" count="0" type="stmt"/>
        <line num="44" count="1" type="stmt"/>
        <line num="46" count="1" type="stmt"/>
        <line num="47" count="32" type="stmt"/>
        <line num="49" count="1" type="stmt"/>
        <line num="51" count="1" type="stmt"/>
        <line num="52" count="0" type="stmt"/>
        <line num="58" count="1" type="stmt"/>
      </file>
    </package>
    <package name="lib">
      <metrics statements="1" coveredstatements="1" conditionals="0" coveredconditionals="0" methods="1" coveredmethods="1"/>
      <file name="utils.js" path="D:\G3_EV_BATTERY_SWAP_STATION_MANAGEMENT_FE\src\lib\utils.js">
        <metrics statements="1" coveredstatements="1" conditionals="0" coveredconditionals="0" methods="1" coveredmethods="1"/>
        <line num="5" count="96" type="stmt"/>
      </file>
    </package>
  </project>
</coverage>
