{"D:\\G3_EV_BATTERY_SWAP_STATION_MANAGEMENT_FE\\src\\components\\Booking\\BookingFlow.jsx": {"path":"D:\\G3_EV_BATTERY_SWAP_STATION_MANAGEMENT_FE\\src\\components\\Booking\\BookingFlow.jsx","statementMap":{"0":{"start":{"line":11,"column":20},"end":{"line":369,"column":1}},"1":{"start":{"line":12,"column":42},"end":{"line":12,"column":53}},"2":{"start":{"line":13,"column":54},"end":{"line":13,"column":66}},"3":{"start":{"line":14,"column":52},"end":{"line":14,"column":66}},"4":{"start":{"line":15,"column":44},"end":{"line":15,"column":59}},"5":{"start":{"line":16,"column":30},"end":{"line":16,"column":44}},"6":{"start":{"line":17,"column":38},"end":{"line":17,"column":52}},"7":{"start":{"line":18,"column":50},"end":{"line":18,"column":65}},"8":{"start":{"line":19,"column":42},"end":{"line":19,"column":56}},"9":{"start":{"line":21,"column":21},"end":{"line":21,"column":33}},"10":{"start":{"line":22,"column":27},"end":{"line":22,"column":39}},"11":{"start":{"line":25,"column":4},"end":{"line":29,"column":43}},"12":{"start":{"line":26,"column":8},"end":{"line":28,"column":9}},"13":{"start":{"line":27,"column":12},"end":{"line":27,"column":32}},"14":{"start":{"line":33,"column":4},"end":{"line":49,"column":20}},"15":{"start":{"line":34,"column":8},"end":{"line":43,"column":9}},"16":{"start":{"line":36,"column":12},"end":{"line":36,"column":37}},"17":{"start":{"line":39,"column":34},"end":{"line":39,"column":48}},"18":{"start":{"line":40,"column":12},"end":{"line":42,"column":30}},"19":{"start":{"line":41,"column":16},"end":{"line":41,"column":42}},"20":{"start":{"line":45,"column":8},"end":{"line":48,"column":10}},"21":{"start":{"line":46,"column":12},"end":{"line":46,"column":65}},"22":{"start":{"line":46,"column":34},"end":{"line":46,"column":65}},"23":{"start":{"line":47,"column":12},"end":{"line":47,"column":77}},"24":{"start":{"line":47,"column":40},"end":{"line":47,"column":77}},"25":{"start":{"line":51,"column":30},"end":{"line":83,"column":5}},"26":{"start":{"line":52,"column":8},"end":{"line":82,"column":9}},"27":{"start":{"line":53,"column":12},"end":{"line":58,"column":15}},"28":{"start":{"line":60,"column":12},"end":{"line":67,"column":13}},"29":{"start":{"line":61,"column":16},"end":{"line":64,"column":19}},"30":{"start":{"line":65,"column":16},"end":{"line":65,"column":67}},"31":{"start":{"line":66,"column":16},"end":{"line":66,"column":23}},"32":{"start":{"line":69,"column":29},"end":{"line":72,"column":13}},"33":{"start":{"line":74,"column":12},"end":{"line":74,"column":47}},"34":{"start":{"line":76,"column":12},"end":{"line":78,"column":13}},"35":{"start":{"line":77,"column":16},"end":{"line":77,"column":87}},"36":{"start":{"line":80,"column":12},"end":{"line":80,"column":65}},"37":{"start":{"line":81,"column":12},"end":{"line":81,"column":66}},"38":{"start":{"line":86,"column":35},"end":{"line":90,"column":5}},"39":{"start":{"line":87,"column":8},"end":{"line":87,"column":82}},"40":{"start":{"line":88,"column":8},"end":{"line":88,"column":40}},"41":{"start":{"line":89,"column":8},"end":{"line":89,"column":23}},"42":{"start":{"line":93,"column":4},"end":{"line":99,"column":58}},"43":{"start":{"line":94,"column":33},"end":{"line":94,"column":73}},"44":{"start":{"line":95,"column":8},"end":{"line":98,"column":9}},"45":{"start":{"line":96,"column":12},"end":{"line":96,"column":103}},"46":{"start":{"line":97,"column":12},"end":{"line":97,"column":30}},"47":{"start":{"line":102,"column":4},"end":{"line":114,"column":26}},"48":{"start":{"line":103,"column":8},"end":{"line":113,"column":9}},"49":{"start":{"line":105,"column":12},"end":{"line":112,"column":13}},"50":{"start":{"line":107,"column":16},"end":{"line":107,"column":34}},"51":{"start":{"line":110,"column":16},"end":{"line":110,"column":42}},"52":{"start":{"line":111,"column":16},"end":{"line":111,"column":34}},"53":{"start":{"line":116,"column":23},"end":{"line":122,"column":5}},"54":{"start":{"line":117,"column":33},"end":{"line":117,"column":73}},"55":{"start":{"line":118,"column":8},"end":{"line":121,"column":9}},"56":{"start":{"line":119,"column":12},"end":{"line":119,"column":108}},"57":{"start":{"line":120,"column":12},"end":{"line":120,"column":30}},"58":{"start":{"line":124,"column":23},"end":{"line":128,"column":5}},"59":{"start":{"line":125,"column":8},"end":{"line":127,"column":9}},"60":{"start":{"line":126,"column":12},"end":{"line":126,"column":44}},"61":{"start":{"line":130,"column":33},"end":{"line":198,"column":5}},"62":{"start":{"line":131,"column":8},"end":{"line":134,"column":9}},"63":{"start":{"line":132,"column":12},"end":{"line":132,"column":71}},"64":{"start":{"line":133,"column":12},"end":{"line":133,"column":19}},"65":{"start":{"line":136,"column":8},"end":{"line":136,"column":30}},"66":{"start":{"line":137,"column":8},"end":{"line":137,"column":23}},"67":{"start":{"line":139,"column":8},"end":{"line":197,"column":9}},"68":{"start":{"line":140,"column":36},"end":{"line":140,"column":95}},"69":{"start":{"line":141,"column":32},"end":{"line":145,"column":13}},"70":{"start":{"line":147,"column":12},"end":{"line":151,"column":15}},"71":{"start":{"line":153,"column":29},"end":{"line":153,"column":65}},"72":{"start":{"line":155,"column":12},"end":{"line":191,"column":13}},"73":{"start":{"line":156,"column":16},"end":{"line":156,"column":84}},"74":{"start":{"line":157,"column":40},"end":{"line":157,"column":61}},"75":{"start":{"line":158,"column":16},"end":{"line":158,"column":57}},"76":{"start":{"line":159,"column":16},"end":{"line":180,"column":19}},"77":{"start":{"line":183,"column":41},"end":{"line":183,"column":81}},"78":{"start":{"line":184,"column":36},"end":{"line":184,"column":60}},"79":{"start":{"line":185,"column":16},"end":{"line":185,"column":129}},"80":{"start":{"line":186,"column":16},"end":{"line":186,"column":71}},"81":{"start":{"line":187,"column":16},"end":{"line":187,"column":44}},"82":{"start":{"line":188,"column":16},"end":{"line":188,"column":50}},"83":{"start":{"line":190,"column":16},"end":{"line":190,"column":79}},"84":{"start":{"line":193,"column":12},"end":{"line":193,"column":60}},"85":{"start":{"line":194,"column":12},"end":{"line":194,"column":80}},"86":{"start":{"line":196,"column":12},"end":{"line":196,"column":35}},"87":{"start":{"line":200,"column":36},"end":{"line":209,"column":5}},"88":{"start":{"line":201,"column":8},"end":{"line":208,"column":9}},"89":{"start":{"line":202,"column":12},"end":{"line":207,"column":13}},"90":{"start":{"line":203,"column":16},"end":{"line":203,"column":51}},"91":{"start":{"line":204,"column":16},"end":{"line":204,"column":84}},"92":{"start":{"line":206,"column":16},"end":{"line":206,"column":71}},"93":{"start":{"line":211,"column":24},"end":{"line":216,"column":5}},"94":{"start":{"line":213,"column":8},"end":{"line":213,"column":61}},"95":{"start":{"line":213,"column":30},"end":{"line":213,"column":61}},"96":{"start":{"line":214,"column":8},"end":{"line":214,"column":73}},"97":{"start":{"line":214,"column":36},"end":{"line":214,"column":73}},"98":{"start":{"line":215,"column":8},"end":{"line":215,"column":20}},"99":{"start":{"line":218,"column":30},"end":{"line":284,"column":5}},"100":{"start":{"line":219,"column":33},"end":{"line":219,"column":73}},"101":{"start":{"line":220,"column":8},"end":{"line":220,"column":146}},"102":{"start":{"line":222,"column":8},"end":{"line":283,"column":9}},"103":{"start":{"line":224,"column":12},"end":{"line":256,"column":13}},"104":{"start":{"line":226,"column":20},"end":{"line":233,"column":22}},"105":{"start":{"line":235,"column":20},"end":{"line":245,"column":22}},"106":{"start":{"line":247,"column":20},"end":{"line":247,"column":102}},"107":{"start":{"line":248,"column":20},"end":{"line":253,"column":22}},"108":{"start":{"line":255,"column":20},"end":{"line":255,"column":32}},"109":{"start":{"line":259,"column":12},"end":{"line":282,"column":13}},"110":{"start":{"line":261,"column":20},"end":{"line":271,"column":22}},"111":{"start":{"line":273,"column":20},"end":{"line":273,"column":103}},"112":{"start":{"line":274,"column":20},"end":{"line":279,"column":22}},"113":{"start":{"line":281,"column":20},"end":{"line":281,"column":32}},"114":{"start":{"line":286,"column":25},"end":{"line":303,"column":5}},"115":{"start":{"line":287,"column":33},"end":{"line":287,"column":73}},"116":{"start":{"line":289,"column":8},"end":{"line":302,"column":9}},"117":{"start":{"line":290,"column":12},"end":{"line":295,"column":13}},"118":{"start":{"line":291,"column":24},"end":{"line":291,"column":57}},"119":{"start":{"line":292,"column":24},"end":{"line":292,"column":49}},"120":{"start":{"line":293,"column":24},"end":{"line":293,"column":42}},"121":{"start":{"line":294,"column":25},"end":{"line":294,"column":35}},"122":{"start":{"line":297,"column":12},"end":{"line":301,"column":13}},"123":{"start":{"line":298,"column":24},"end":{"line":298,"column":49}},"124":{"start":{"line":299,"column":24},"end":{"line":299,"column":42}},"125":{"start":{"line":300,"column":25},"end":{"line":300,"column":35}},"126":{"start":{"line":305,"column":26},"end":{"line":307,"column":5}},"127":{"start":{"line":306,"column":8},"end":{"line":306,"column":64}},"128":{"start":{"line":309,"column":4},"end":{"line":368,"column":6}},"129":{"start":{"line":326,"column":79},"end":{"line":326,"column":84}},"130":{"start":{"line":327,"column":32},"end":{"line":342,"column":38}}},"fnMap":{"0":{"name":"(anonymous_0)","decl":{"start":{"line":11,"column":20},"end":{"line":11,"column":21}},"loc":{"start":{"line":11,"column":89},"end":{"line":369,"column":1}},"line":11},"1":{"name":"(anonymous_1)","decl":{"start":{"line":25,"column":14},"end":{"line":25,"column":15}},"loc":{"start":{"line":25,"column":20},"end":{"line":29,"column":5}},"line":25},"2":{"name":"(anonymous_2)","decl":{"start":{"line":33,"column":14},"end":{"line":33,"column":15}},"loc":{"start":{"line":33,"column":20},"end":{"line":49,"column":5}},"line":33},"3":{"name":"(anonymous_3)","decl":{"start":{"line":40,"column":48},"end":{"line":40,"column":49}},"loc":{"start":{"line":40,"column":54},"end":{"line":42,"column":13}},"line":40},"4":{"name":"(anonymous_4)","decl":{"start":{"line":45,"column":15},"end":{"line":45,"column":16}},"loc":{"start":{"line":45,"column":21},"end":{"line":48,"column":9}},"line":45},"5":{"name":"(anonymous_5)","decl":{"start":{"line":51,"column":30},"end":{"line":51,"column":31}},"loc":{"start":{"line":51,"column":42},"end":{"line":83,"column":5}},"line":51},"6":{"name":"(anonymous_6)","decl":{"start":{"line":86,"column":35},"end":{"line":86,"column":36}},"loc":{"start":{"line":86,"column":50},"end":{"line":90,"column":5}},"line":86},"7":{"name":"(anonymous_7)","decl":{"start":{"line":93,"column":14},"end":{"line":93,"column":15}},"loc":{"start":{"line":93,"column":20},"end":{"line":99,"column":5}},"line":93},"8":{"name":"(anonymous_8)","decl":{"start":{"line":102,"column":14},"end":{"line":102,"column":15}},"loc":{"start":{"line":102,"column":20},"end":{"line":114,"column":5}},"line":102},"9":{"name":"(anonymous_9)","decl":{"start":{"line":116,"column":23},"end":{"line":116,"column":24}},"loc":{"start":{"line":116,"column":29},"end":{"line":122,"column":5}},"line":116},"10":{"name":"(anonymous_10)","decl":{"start":{"line":124,"column":23},"end":{"line":124,"column":24}},"loc":{"start":{"line":124,"column":29},"end":{"line":128,"column":5}},"line":124},"11":{"name":"(anonymous_11)","decl":{"start":{"line":130,"column":33},"end":{"line":130,"column":34}},"loc":{"start":{"line":130,"column":45},"end":{"line":198,"column":5}},"line":130},"12":{"name":"(anonymous_12)","decl":{"start":{"line":200,"column":36},"end":{"line":200,"column":37}},"loc":{"start":{"line":200,"column":48},"end":{"line":209,"column":5}},"line":200},"13":{"name":"(anonymous_13)","decl":{"start":{"line":211,"column":24},"end":{"line":211,"column":25}},"loc":{"start":{"line":211,"column":30},"end":{"line":216,"column":5}},"line":211},"14":{"name":"(anonymous_14)","decl":{"start":{"line":218,"column":30},"end":{"line":218,"column":31}},"loc":{"start":{"line":218,"column":36},"end":{"line":284,"column":5}},"line":218},"15":{"name":"(anonymous_15)","decl":{"start":{"line":286,"column":25},"end":{"line":286,"column":26}},"loc":{"start":{"line":286,"column":31},"end":{"line":303,"column":5}},"line":286},"16":{"name":"(anonymous_16)","decl":{"start":{"line":305,"column":26},"end":{"line":305,"column":27}},"loc":{"start":{"line":305,"column":32},"end":{"line":307,"column":5}},"line":305},"17":{"name":"(anonymous_17)","decl":{"start":{"line":326,"column":69},"end":{"line":326,"column":70}},"loc":{"start":{"line":326,"column":79},"end":{"line":326,"column":84}},"line":326},"18":{"name":"(anonymous_18)","decl":{"start":{"line":326,"column":90},"end":{"line":326,"column":91}},"loc":{"start":{"line":327,"column":32},"end":{"line":342,"column":38}},"line":327}},"branchMap":{"0":{"loc":{"start":{"line":26,"column":8},"end":{"line":28,"column":9}},"type":"if","locations":[{"start":{"line":26,"column":8},"end":{"line":28,"column":9}},{"start":{},"end":{}}],"line":26},"1":{"loc":{"start":{"line":26,"column":12},"end":{"line":26,"column":46}},"type":"binary-expr","locations":[{"start":{"line":26,"column":12},"end":{"line":26,"column":27}},{"start":{"line":26,"column":31},"end":{"line":26,"column":46}}],"line":26},"2":{"loc":{"start":{"line":34,"column":8},"end":{"line":43,"column":9}},"type":"if","locations":[{"start":{"line":34,"column":8},"end":{"line":43,"column":9}},{"start":{},"end":{}}],"line":34},"3":{"loc":{"start":{"line":46,"column":12},"end":{"line":46,"column":65}},"type":"if","locations":[{"start":{"line":46,"column":12},"end":{"line":46,"column":65}},{"start":{},"end":{}}],"line":46},"4":{"loc":{"start":{"line":47,"column":12},"end":{"line":47,"column":77}},"type":"if","locations":[{"start":{"line":47,"column":12},"end":{"line":47,"column":77}},{"start":{},"end":{}}],"line":47},"5":{"loc":{"start":{"line":60,"column":12},"end":{"line":67,"column":13}},"type":"if","locations":[{"start":{"line":60,"column":12},"end":{"line":67,"column":13}},{"start":{},"end":{}}],"line":60},"6":{"loc":{"start":{"line":60,"column":16},"end":{"line":60,"column":68}},"type":"binary-expr","locations":[{"start":{"line":60,"column":16},"end":{"line":60,"column":36}},{"start":{"line":60,"column":40},"end":{"line":60,"column":68}}],"line":60},"7":{"loc":{"start":{"line":76,"column":12},"end":{"line":78,"column":13}},"type":"if","locations":[{"start":{"line":76,"column":12},"end":{"line":78,"column":13}},{"start":{},"end":{}}],"line":76},"8":{"loc":{"start":{"line":95,"column":8},"end":{"line":98,"column":9}},"type":"if","locations":[{"start":{"line":95,"column":8},"end":{"line":98,"column":9}},{"start":{},"end":{}}],"line":95},"9":{"loc":{"start":{"line":95,"column":12},"end":{"line":95,"column":81}},"type":"binary-expr","locations":[{"start":{"line":95,"column":12},"end":{"line":95,"column":28}},{"start":{"line":95,"column":32},"end":{"line":95,"column":49}},{"start":{"line":95,"column":53},"end":{"line":95,"column":81}}],"line":95},"10":{"loc":{"start":{"line":103,"column":8},"end":{"line":113,"column":9}},"type":"if","locations":[{"start":{"line":103,"column":8},"end":{"line":113,"column":9}},{"start":{},"end":{}}],"line":103},"11":{"loc":{"start":{"line":105,"column":12},"end":{"line":112,"column":13}},"type":"if","locations":[{"start":{"line":105,"column":12},"end":{"line":112,"column":13}},{"start":{"line":108,"column":19},"end":{"line":112,"column":13}}],"line":105},"12":{"loc":{"start":{"line":118,"column":8},"end":{"line":121,"column":9}},"type":"if","locations":[{"start":{"line":118,"column":8},"end":{"line":121,"column":9}},{"start":{},"end":{}}],"line":118},"13":{"loc":{"start":{"line":118,"column":12},"end":{"line":118,"column":81}},"type":"binary-expr","locations":[{"start":{"line":118,"column":12},"end":{"line":118,"column":28}},{"start":{"line":118,"column":32},"end":{"line":118,"column":49}},{"start":{"line":118,"column":53},"end":{"line":118,"column":81}}],"line":118},"14":{"loc":{"start":{"line":125,"column":8},"end":{"line":127,"column":9}},"type":"if","locations":[{"start":{"line":125,"column":8},"end":{"line":127,"column":9}},{"start":{},"end":{}}],"line":125},"15":{"loc":{"start":{"line":131,"column":8},"end":{"line":134,"column":9}},"type":"if","locations":[{"start":{"line":131,"column":8},"end":{"line":134,"column":9}},{"start":{},"end":{}}],"line":131},"16":{"loc":{"start":{"line":131,"column":12},"end":{"line":131,"column":48}},"type":"binary-expr","locations":[{"start":{"line":131,"column":12},"end":{"line":131,"column":28}},{"start":{"line":131,"column":32},"end":{"line":131,"column":48}}],"line":131},"17":{"loc":{"start":{"line":140,"column":36},"end":{"line":140,"column":95}},"type":"cond-expr","locations":[{"start":{"line":140,"column":67},"end":{"line":140,"column":91}},{"start":{"line":140,"column":94},"end":{"line":140,"column":95}}],"line":140},"18":{"loc":{"start":{"line":155,"column":12},"end":{"line":191,"column":13}},"type":"if","locations":[{"start":{"line":155,"column":12},"end":{"line":191,"column":13}},{"start":{"line":189,"column":19},"end":{"line":191,"column":13}}],"line":155},"19":{"loc":{"start":{"line":155,"column":16},"end":{"line":155,"column":54}},"type":"binary-expr","locations":[{"start":{"line":155,"column":16},"end":{"line":155,"column":29}},{"start":{"line":155,"column":33},"end":{"line":155,"column":54}}],"line":155},"20":{"loc":{"start":{"line":184,"column":36},"end":{"line":184,"column":60}},"type":"cond-expr","locations":[{"start":{"line":184,"column":55},"end":{"line":184,"column":56}},{"start":{"line":184,"column":59},"end":{"line":184,"column":60}}],"line":184},"21":{"loc":{"start":{"line":190,"column":25},"end":{"line":190,"column":77}},"type":"binary-expr","locations":[{"start":{"line":190,"column":25},"end":{"line":190,"column":47}},{"start":{"line":190,"column":51},"end":{"line":190,"column":77}}],"line":190},"22":{"loc":{"start":{"line":194,"column":21},"end":{"line":194,"column":78}},"type":"binary-expr","locations":[{"start":{"line":194,"column":21},"end":{"line":194,"column":50}},{"start":{"line":194,"column":54},"end":{"line":194,"column":78}}],"line":194},"23":{"loc":{"start":{"line":201,"column":8},"end":{"line":208,"column":9}},"type":"if","locations":[{"start":{"line":201,"column":8},"end":{"line":208,"column":9}},{"start":{},"end":{}}],"line":201},"24":{"loc":{"start":{"line":213,"column":8},"end":{"line":213,"column":61}},"type":"if","locations":[{"start":{"line":213,"column":8},"end":{"line":213,"column":61}},{"start":{},"end":{}}],"line":213},"25":{"loc":{"start":{"line":214,"column":8},"end":{"line":214,"column":73}},"type":"if","locations":[{"start":{"line":214,"column":8},"end":{"line":214,"column":73}},{"start":{},"end":{}}],"line":214},"26":{"loc":{"start":{"line":222,"column":8},"end":{"line":283,"column":9}},"type":"if","locations":[{"start":{"line":222,"column":8},"end":{"line":283,"column":9}},{"start":{"line":257,"column":15},"end":{"line":283,"column":9}}],"line":222},"27":{"loc":{"start":{"line":224,"column":12},"end":{"line":256,"column":13}},"type":"switch","locations":[{"start":{"line":225,"column":16},"end":{"line":233,"column":22}},{"start":{"line":234,"column":16},"end":{"line":245,"column":22}},{"start":{"line":246,"column":16},"end":{"line":253,"column":22}},{"start":{"line":254,"column":16},"end":{"line":255,"column":32}}],"line":224},"28":{"loc":{"start":{"line":259,"column":12},"end":{"line":282,"column":13}},"type":"switch","locations":[{"start":{"line":260,"column":16},"end":{"line":271,"column":22}},{"start":{"line":272,"column":16},"end":{"line":279,"column":22}},{"start":{"line":280,"column":16},"end":{"line":281,"column":32}}],"line":259},"29":{"loc":{"start":{"line":289,"column":8},"end":{"line":302,"column":9}},"type":"if","locations":[{"start":{"line":289,"column":8},"end":{"line":302,"column":9}},{"start":{"line":296,"column":15},"end":{"line":302,"column":9}}],"line":289},"30":{"loc":{"start":{"line":290,"column":12},"end":{"line":295,"column":13}},"type":"switch","locations":[{"start":{"line":291,"column":16},"end":{"line":291,"column":57}},{"start":{"line":292,"column":16},"end":{"line":292,"column":49}},{"start":{"line":293,"column":16},"end":{"line":293,"column":42}},{"start":{"line":294,"column":16},"end":{"line":294,"column":35}}],"line":290},"31":{"loc":{"start":{"line":297,"column":12},"end":{"line":301,"column":13}},"type":"switch","locations":[{"start":{"line":298,"column":16},"end":{"line":298,"column":49}},{"start":{"line":299,"column":16},"end":{"line":299,"column":42}},{"start":{"line":300,"column":16},"end":{"line":300,"column":35}}],"line":297},"32":{"loc":{"start":{"line":306,"column":15},"end":{"line":306,"column":63}},"type":"cond-expr","locations":[{"start":{"line":306,"column":58},"end":{"line":306,"column":59}},{"start":{"line":306,"column":62},"end":{"line":306,"column":63}}],"line":306},"33":{"loc":{"start":{"line":328,"column":129},"end":{"line":330,"column":74}},"type":"cond-expr","locations":[{"start":{"line":329,"column":42},"end":{"line":329,"column":78}},{"start":{"line":330,"column":42},"end":{"line":330,"column":74}}],"line":328},"34":{"loc":{"start":{"line":332,"column":41},"end":{"line":336,"column":41}},"type":"cond-expr","locations":[{"start":{"line":333,"column":44},"end":{"line":333,"column":79}},{"start":{"line":335,"column":44},"end":{"line":335,"column":48}}],"line":332},"35":{"loc":{"start":{"line":338,"column":37},"end":{"line":341,"column":37}},"type":"binary-expr","locations":[{"start":{"line":338,"column":37},"end":{"line":338,"column":59}},{"start":{"line":339,"column":40},"end":{"line":340,"column":50}}],"line":338},"36":{"loc":{"start":{"line":339,"column":74},"end":{"line":339,"column":120}},"type":"cond-expr","locations":[{"start":{"line":339,"column":95},"end":{"line":339,"column":107}},{"start":{"line":339,"column":110},"end":{"line":339,"column":120}}],"line":339},"37":{"loc":{"start":{"line":354,"column":21},"end":{"line":361,"column":21}},"type":"binary-expr","locations":[{"start":{"line":354,"column":21},"end":{"line":354,"column":26}},{"start":{"line":355,"column":24},"end":{"line":360,"column":30}}],"line":354}},"s":{"0":1,"1":32,"2":32,"3":32,"4":32,"5":32,"6":32,"7":32,"8":32,"9":32,"10":32,"11":32,"12":7,"13":7,"14":32,"15":8,"16":1,"17":1,"18":1,"19":0,"20":8,"21":8,"22":0,"23":8,"24":1,"25":32,"26":7,"27":7,"28":7,"29":0,"30":0,"31":0,"32":7,"33":7,"34":7,"35":1,"36":0,"37":0,"38":32,"39":4,"40":4,"41":4,"42":32,"43":21,"44":21,"45":5,"46":5,"47":32,"48":7,"49":7,"50":4,"51":3,"52":3,"53":32,"54":0,"55":0,"56":0,"57":0,"58":32,"59":1,"60":1,"61":32,"62":2,"63":0,"64":0,"65":2,"66":2,"67":2,"68":2,"69":2,"70":2,"71":2,"72":1,"73":1,"74":1,"75":1,"76":1,"77":1,"78":1,"79":1,"80":1,"81":1,"82":1,"83":0,"84":1,"85":1,"86":2,"87":32,"88":0,"89":0,"90":0,"91":0,"92":0,"93":32,"94":1,"95":0,"96":1,"97":0,"98":1,"99":32,"100":32,"101":32,"102":32,"103":23,"104":13,"105":8,"106":2,"107":2,"108":0,"109":9,"110":9,"111":0,"112":0,"113":0,"114":32,"115":32,"116":32,"117":23,"118":13,"119":8,"120":2,"121":0,"122":9,"123":9,"124":0,"125":0,"126":32,"127":151,"128":32,"129":87,"130":87},"f":{"0":32,"1":7,"2":8,"3":0,"4":8,"5":7,"6":4,"7":21,"8":7,"9":0,"10":1,"11":2,"12":0,"13":1,"14":32,"15":32,"16":151,"17":87,"18":87},"b":{"0":[7,0],"1":[7,7],"2":[1,7],"3":[0,8],"4":[1,7],"5":[0,7],"6":[7,7],"7":[1,6],"8":[5,16],"9":[21,15,9],"10":[7,0],"11":[4,3],"12":[0,0],"13":[0,0,0],"14":[1,0],"15":[0,2],"16":[2,2],"17":[2,0],"18":[1,0],"19":[1,1],"20":[1,0],"21":[0,0],"22":[1,0],"23":[0,0],"24":[0,1],"25":[0,1],"26":[23,9],"27":[13,8,2,0],"28":[9,0,0],"29":[23,9],"30":[13,8,2,0],"31":[9,0,0],"32":[115,36],"33":[44,43],"34":[12,75],"35":[87,55],"36":[12,43],"37":[32,2]},"_coverageSchema":"1a1c01bbd47fc00a2c39e90264f33305004495a9","hash":"b928c7f80fc16974799ad141079fcd1c8585b201"}
,"D:\\G3_EV_BATTERY_SWAP_STATION_MANAGEMENT_FE\\src\\components\\ui\\button.jsx": {"path":"D:\\G3_EV_BATTERY_SWAP_STATION_MANAGEMENT_FE\\src\\components\\ui\\button.jsx","statementMap":{"0":{"start":{"line":6,"column":23},"end":{"line":33,"column":1}},"1":{"start":{"line":35,"column":15},"end":{"line":44,"column":2}},"2":{"start":{"line":36,"column":17},"end":{"line":36,"column":42}},"3":{"start":{"line":37,"column":4},"end":{"line":43,"column":5}},"4":{"start":{"line":45,"column":0},"end":{"line":45,"column":29}}},"fnMap":{"0":{"name":"(anonymous_0)","decl":{"start":{"line":35,"column":32},"end":{"line":35,"column":33}},"loc":{"start":{"line":35,"column":98},"end":{"line":44,"column":1}},"line":35}},"branchMap":{"0":{"loc":{"start":{"line":35,"column":61},"end":{"line":35,"column":76}},"type":"default-arg","locations":[{"start":{"line":35,"column":71},"end":{"line":35,"column":76}}],"line":35},"1":{"loc":{"start":{"line":36,"column":17},"end":{"line":36,"column":42}},"type":"cond-expr","locations":[{"start":{"line":36,"column":27},"end":{"line":36,"column":31}},{"start":{"line":36,"column":34},"end":{"line":36,"column":42}}],"line":36}},"s":{"0":1,"1":1,"2":32,"3":32,"4":1},"f":{"0":32},"b":{"0":[32],"1":[0,32]},"_coverageSchema":"1a1c01bbd47fc00a2c39e90264f33305004495a9","hash":"6d70074304d63ac389699c56cfcb6fc3c4657392"}
,"D:\\G3_EV_BATTERY_SWAP_STATION_MANAGEMENT_FE\\src\\components\\ui\\card.jsx": {"path":"D:\\G3_EV_BATTERY_SWAP_STATION_MANAGEMENT_FE\\src\\components\\ui\\card.jsx","statementMap":{"0":{"start":{"line":4,"column":13},"end":{"line":13,"column":2}},"1":{"start":{"line":5,"column":4},"end":{"line":12,"column":6}},"2":{"start":{"line":14,"column":0},"end":{"line":14,"column":25}},"3":{"start":{"line":16,"column":19},"end":{"line":22,"column":2}},"4":{"start":{"line":17,"column":4},"end":{"line":21,"column":6}},"5":{"start":{"line":23,"column":0},"end":{"line":23,"column":37}},"6":{"start":{"line":25,"column":18},"end":{"line":34,"column":2}},"7":{"start":{"line":26,"column":4},"end":{"line":33,"column":6}},"8":{"start":{"line":35,"column":0},"end":{"line":35,"column":35}},"9":{"start":{"line":37,"column":24},"end":{"line":43,"column":2}},"10":{"start":{"line":38,"column":4},"end":{"line":42,"column":6}},"11":{"start":{"line":44,"column":0},"end":{"line":44,"column":47}},"12":{"start":{"line":46,"column":20},"end":{"line":48,"column":2}},"13":{"start":{"line":47,"column":4},"end":{"line":47,"column":70}},"14":{"start":{"line":49,"column":0},"end":{"line":49,"column":39}},"15":{"start":{"line":51,"column":19},"end":{"line":57,"column":2}},"16":{"start":{"line":52,"column":4},"end":{"line":56,"column":6}},"17":{"start":{"line":58,"column":0},"end":{"line":58,"column":37}}},"fnMap":{"0":{"name":"(anonymous_0)","decl":{"start":{"line":4,"column":30},"end":{"line":4,"column":31}},"loc":{"start":{"line":5,"column":4},"end":{"line":12,"column":6}},"line":5},"1":{"name":"(anonymous_1)","decl":{"start":{"line":16,"column":36},"end":{"line":16,"column":37}},"loc":{"start":{"line":17,"column":4},"end":{"line":21,"column":6}},"line":17},"2":{"name":"(anonymous_2)","decl":{"start":{"line":25,"column":35},"end":{"line":25,"column":36}},"loc":{"start":{"line":26,"column":4},"end":{"line":33,"column":6}},"line":26},"3":{"name":"(anonymous_3)","decl":{"start":{"line":37,"column":41},"end":{"line":37,"column":42}},"loc":{"start":{"line":38,"column":4},"end":{"line":42,"column":6}},"line":38},"4":{"name":"(anonymous_4)","decl":{"start":{"line":46,"column":37},"end":{"line":46,"column":38}},"loc":{"start":{"line":47,"column":4},"end":{"line":47,"column":70}},"line":47},"5":{"name":"(anonymous_5)","decl":{"start":{"line":51,"column":36},"end":{"line":51,"column":37}},"loc":{"start":{"line":52,"column":4},"end":{"line":56,"column":6}},"line":52}},"branchMap":{},"s":{"0":1,"1":32,"2":1,"3":1,"4":0,"5":1,"6":1,"7":0,"8":1,"9":1,"10":0,"11":1,"12":1,"13":32,"14":1,"15":1,"16":0,"17":1},"f":{"0":32,"1":0,"2":0,"3":0,"4":32,"5":0},"b":{},"_coverageSchema":"1a1c01bbd47fc00a2c39e90264f33305004495a9","hash":"7da0cee9976b11146a25588edcdf313f4aae5450"}
,"D:\\G3_EV_BATTERY_SWAP_STATION_MANAGEMENT_FE\\src\\lib\\utils.js": {"path":"D:\\G3_EV_BATTERY_SWAP_STATION_MANAGEMENT_FE\\src\\lib\\utils.js","statementMap":{"0":{"start":{"line":5,"column":2},"end":{"line":5,"column":31}}},"fnMap":{"0":{"name":"cn","decl":{"start":{"line":4,"column":16},"end":{"line":4,"column":18}},"loc":{"start":{"line":4,"column":30},"end":{"line":6,"column":1}},"line":4}},"branchMap":{},"s":{"0":96},"f":{"0":96},"b":{},"_coverageSchema":"1a1c01bbd47fc00a2c39e90264f33305004495a9","hash":"34babf630c49be3de49c089c6eb2d4459937731b"}
}
