TN:
SF:src\components\Booking\BookingFlow.jsx
FN:11,(anonymous_0)
FN:25,(anonymous_1)
FN:33,(anonymous_2)
FN:40,(anonymous_3)
FN:45,(anonymous_4)
FN:51,(anonymous_5)
FN:86,(anonymous_6)
FN:93,(anonymous_7)
FN:102,(anonymous_8)
FN:116,(anonymous_9)
FN:124,(anonymous_10)
FN:130,(anonymous_11)
FN:200,(anonymous_12)
FN:211,(anonymous_13)
FN:218,(anonymous_14)
FN:286,(anonymous_15)
FN:305,(anonymous_16)
FN:326,(anonymous_17)
FN:326,(anonymous_18)
FNF:19
FNH:16
FNDA:32,(anonymous_0)
FNDA:7,(anonymous_1)
FNDA:8,(anonymous_2)
FNDA:0,(anonymous_3)
FNDA:8,(anonymous_4)
FNDA:7,(anonymous_5)
FNDA:4,(anonymous_6)
FNDA:21,(anonymous_7)
FNDA:7,(anonymous_8)
FNDA:0,(anonymous_9)
FNDA:1,(anonymous_10)
FNDA:2,(anonymous_11)
FNDA:0,(anonymous_12)
FNDA:1,(anonymous_13)
FNDA:32,(anonymous_14)
FNDA:32,(anonymous_15)
FNDA:151,(anonymous_16)
FNDA:87,(anonymous_17)
FNDA:87,(anonymous_18)
DA:11,1
DA:12,32
DA:13,32
DA:14,32
DA:15,32
DA:16,32
DA:17,32
DA:18,32
DA:19,32
DA:21,32
DA:22,32
DA:25,32
DA:26,7
DA:27,7
DA:33,32
DA:34,8
DA:36,1
DA:39,1
DA:40,1
DA:41,0
DA:45,8
DA:46,8
DA:47,8
DA:51,32
DA:52,7
DA:53,7
DA:60,7
DA:61,0
DA:65,0
DA:66,0
DA:69,7
DA:74,7
DA:76,7
DA:77,1
DA:80,0
DA:81,0
DA:86,32
DA:87,4
DA:88,4
DA:89,4
DA:93,32
DA:94,21
DA:95,21
DA:96,5
DA:97,5
DA:102,32
DA:103,7
DA:105,7
DA:107,4
DA:110,3
DA:111,3
DA:116,32
DA:117,0
DA:118,0
DA:119,0
DA:120,0
DA:124,32
DA:125,1
DA:126,1
DA:130,32
DA:131,2
DA:132,0
DA:133,0
DA:136,2
DA:137,2
DA:139,2
DA:140,2
DA:141,2
DA:147,2
DA:153,2
DA:155,1
DA:156,1
DA:157,1
DA:158,1
DA:159,1
DA:183,1
DA:184,1
DA:185,1
DA:186,1
DA:187,1
DA:188,1
DA:190,0
DA:193,1
DA:194,1
DA:196,2
DA:200,32
DA:201,0
DA:202,0
DA:203,0
DA:204,0
DA:206,0
DA:211,32
DA:213,1
DA:214,1
DA:215,1
DA:218,32
DA:219,32
DA:220,32
DA:222,32
DA:224,23
DA:226,13
DA:235,8
DA:247,2
DA:248,2
DA:255,0
DA:259,9
DA:261,9
DA:273,0
DA:274,0
DA:281,0
DA:286,32
DA:287,32
DA:289,32
DA:290,23
DA:291,13
DA:292,8
DA:293,2
DA:294,0
DA:297,9
DA:298,9
DA:299,0
DA:300,0
DA:305,32
DA:306,151
DA:309,32
DA:326,87
DA:327,87
LF:127
LH:102
BRDA:26,0,0,7
BRDA:26,0,1,0
BRDA:26,1,0,7
BRDA:26,1,1,7
BRDA:34,2,0,1
BRDA:34,2,1,7
BRDA:46,3,0,0
BRDA:46,3,1,8
BRDA:47,4,0,1
BRDA:47,4,1,7
BRDA:60,5,0,0
BRDA:60,5,1,7
BRDA:60,6,0,7
BRDA:60,6,1,7
BRDA:76,7,0,1
BRDA:76,7,1,6
BRDA:95,8,0,5
BRDA:95,8,1,16
BRDA:95,9,0,21
BRDA:95,9,1,15
BRDA:95,9,2,9
BRDA:103,10,0,7
BRDA:103,10,1,0
BRDA:105,11,0,4
BRDA:105,11,1,3
BRDA:118,12,0,0
BRDA:118,12,1,0
BRDA:118,13,0,0
BRDA:118,13,1,0
BRDA:118,13,2,0
BRDA:125,14,0,1
BRDA:125,14,1,0
BRDA:131,15,0,0
BRDA:131,15,1,2
BRDA:131,16,0,2
BRDA:131,16,1,2
BRDA:140,17,0,2
BRDA:140,17,1,0
BRDA:155,18,0,1
BRDA:155,18,1,0
BRDA:155,19,0,1
BRDA:155,19,1,1
BRDA:184,20,0,1
BRDA:184,20,1,0
BRDA:190,21,0,0
BRDA:190,21,1,0
BRDA:194,22,0,1
BRDA:194,22,1,0
BRDA:201,23,0,0
BRDA:201,23,1,0
BRDA:213,24,0,0
BRDA:213,24,1,1
BRDA:214,25,0,0
BRDA:214,25,1,1
BRDA:222,26,0,23
BRDA:222,26,1,9
BRDA:224,27,0,13
BRDA:224,27,1,8
BRDA:224,27,2,2
BRDA:224,27,3,0
BRDA:259,28,0,9
BRDA:259,28,1,0
BRDA:259,28,2,0
BRDA:289,29,0,23
BRDA:289,29,1,9
BRDA:290,30,0,13
BRDA:290,30,1,8
BRDA:290,30,2,2
BRDA:290,30,3,0
BRDA:297,31,0,9
BRDA:297,31,1,0
BRDA:297,31,2,0
BRDA:306,32,0,115
BRDA:306,32,1,36
BRDA:328,33,0,44
BRDA:328,33,1,43
BRDA:332,34,0,12
BRDA:332,34,1,75
BRDA:338,35,0,87
BRDA:338,35,1,55
BRDA:339,36,0,12
BRDA:339,36,1,43
BRDA:354,37,0,32
BRDA:354,37,1,2
BRF:84
BRH:57
end_of_record
TN:
SF:src\components\ui\button.jsx
FN:35,(anonymous_0)
FNF:1
FNH:1
FNDA:32,(anonymous_0)
DA:6,1
DA:35,1
DA:36,32
DA:37,32
DA:45,1
LF:5
LH:5
BRDA:35,0,0,32
BRDA:36,1,0,0
BRDA:36,1,1,32
BRF:3
BRH:2
end_of_record
TN:
SF:src\components\ui\card.jsx
FN:4,(anonymous_0)
FN:16,(anonymous_1)
FN:25,(anonymous_2)
FN:37,(anonymous_3)
FN:46,(anonymous_4)
FN:51,(anonymous_5)
FNF:6
FNH:2
FNDA:32,(anonymous_0)
FNDA:0,(anonymous_1)
FNDA:0,(anonymous_2)
FNDA:0,(anonymous_3)
FNDA:32,(anonymous_4)
FNDA:0,(anonymous_5)
DA:4,1
DA:5,32
DA:14,1
DA:16,1
DA:17,0
DA:23,1
DA:25,1
DA:26,0
DA:35,1
DA:37,1
DA:38,0
DA:44,1
DA:46,1
DA:47,32
DA:49,1
DA:51,1
DA:52,0
DA:58,1
LF:18
LH:14
BRF:0
BRH:0
end_of_record
TN:
SF:src\lib\utils.js
FN:4,cn
FNF:1
FNH:1
FNDA:96,cn
DA:5,96
LF:1
LH:1
BRF:0
BRH:0
end_of_record
